{"C:\\Users\\User\\Documents\\Github\\template-ecomm\\src\\pages\\Home.jsx": {"path":"C:\\Users\\User\\Documents\\Github\\template-ecomm\\src\\pages\\Home.jsx","statementMap":{"0":{"start":{"line":3,"column":20},"end":{"line":20,"column":null}},"1":{"start":{"line":4,"column":2},"end":{"line":18,"column":null}}},"fnMap":{"0":{"name":"(anonymous_0)","decl":{"start":{"line":3,"column":20},"end":{"line":3,"column":26}},"loc":{"start":{"line":3,"column":26},"end":{"line":20,"column":null}},"line":3}},"branchMap":{},"s":{"0":1,"1":1},"f":{"0":1},"b":{},"meta":{"lastBranch":0,"lastFunction":1,"lastStatement":2,"seen":{"s:3:20:20:Infinity":0,"f:3:20:3:26":0,"s:4:2:18:Infinity":1}}}
,"C:\\Users\\User\\Documents\\Github\\template-ecomm\\src\\test\\utils.jsx": {"path":"C:\\Users\\User\\Documents\\Github\\template-ecomm\\src\\test\\utils.jsx","statementMap":{"0":{"start":{"line":7,"column":25},"end":{"line":12,"column":null}},"1":{"start":{"line":8,"column":2},"end":{"line":11,"column":null}},"2":{"start":{"line":9,"column":31},"end":{"line":9,"column":null}}},"fnMap":{"0":{"name":"(anonymous_0)","decl":{"start":{"line":7,"column":25},"end":{"line":7,"column":26}},"loc":{"start":{"line":7,"column":47},"end":{"line":12,"column":null}},"line":7},"1":{"name":"(anonymous_1)","decl":{"start":{"line":9,"column":13},"end":{"line":9,"column":14}},"loc":{"start":{"line":9,"column":31},"end":{"line":9,"column":null}},"line":9}},"branchMap":{"0":{"loc":{"start":{"line":7,"column":30},"end":{"line":7,"column":47}},"type":"default-arg","locations":[{"start":{"line":7,"column":40},"end":{"line":7,"column":47}}],"line":7}},"s":{"0":1,"1":1,"2":1},"f":{"0":1,"1":1},"b":{"0":[1]},"meta":{"lastBranch":1,"lastFunction":2,"lastStatement":3,"seen":{"s:7:25:12:Infinity":0,"f:7:25:7:26":0,"b:7:40:7:47":0,"s:8:2:11:Infinity":1,"f:9:13:9:14":1,"s:9:31:9:Infinity":2}}}
}
